[04-Apr-2021 17:51:08 UTC] PHP Warning:  chmod(): No such file or directory in C:\Users\DELL\Local Sites\podinario\app\public\wp-admin\includes\class-wp-filesystem-direct.php on line 173
[04-Apr-2021 17:51:08 UTC] PHP Stack trace:
[04-Apr-2021 17:51:08 UTC] PHP   1. {main}() C:\Users\DELL\Local Sites\podinario\app\public\wp-admin\update.php:0
[04-Apr-2021 17:51:08 UTC] PHP   2. Plugin_Upgrader->install() C:\Users\DELL\Local Sites\podinario\app\public\wp-admin\update.php:171
[04-Apr-2021 17:51:08 UTC] PHP   3. Plugin_Upgrader->run() C:\Users\DELL\Local Sites\podinario\app\public\wp-admin\includes\class-plugin-upgrader.php:137
[04-Apr-2021 17:51:08 UTC] PHP   4. Plugin_Upgrader->unpack_package() C:\Users\DELL\Local Sites\podinario\app\public\wp-admin\includes\class-wp-upgrader.php:779
[04-Apr-2021 17:51:08 UTC] PHP   5. unzip_file() C:\Users\DELL\Local Sites\podinario\app\public\wp-admin\includes\class-wp-upgrader.php:328
[04-Apr-2021 17:51:08 UTC] PHP   6. _unzip_file_ziparchive() C:\Users\DELL\Local Sites\podinario\app\public\wp-admin\includes\file.php:1499
[04-Apr-2021 17:51:08 UTC] PHP   7. WP_Filesystem_Direct->put_contents() C:\Users\DELL\Local Sites\podinario\app\public\wp-admin\includes\file.php:1634
[04-Apr-2021 17:51:08 UTC] PHP   8. WP_Filesystem_Direct->chmod() C:\Users\DELL\Local Sites\podinario\app\public\wp-admin\includes\class-wp-filesystem-direct.php:86
[04-Apr-2021 17:51:08 UTC] PHP   9. chmod() C:\Users\DELL\Local Sites\podinario\app\public\wp-admin\includes\class-wp-filesystem-direct.php:173
[04-Apr-2021 17:51:08 UTC] PHP Warning:  dir(C:/Users/DELL/Local Sites/podinario/app/public/wp-content/upgrade/elementor-pro-3.2.1/elementor-pro/core/app/modules/site-editor/assets/js/context/models/,C:/Users/DELL/Local Sites/podinario/app/public/wp-content/upgrade/elementor-pro-3.2.1/elementor-pro/core/app/modules/site-editor/assets/js/context/models/): The system cannot find the path specified. (code: 3) in C:\Users\DELL\Local Sites\podinario\app\public\wp-admin\includes\class-wp-filesystem-direct.php on line 613
[04-Apr-2021 17:51:08 UTC] PHP Stack trace:
[04-Apr-2021 17:51:08 UTC] PHP   1. {main}() C:\Users\DELL\Local Sites\podinario\app\public\wp-admin\update.php:0
[04-Apr-2021 17:51:08 UTC] PHP   2. Plugin_Upgrader->install() C:\Users\DELL\Local Sites\podinario\app\public\wp-admin\update.php:171
[04-Apr-2021 17:51:08 UTC] PHP   3. Plugin_Upgrader->run() C:\Users\DELL\Local Sites\podinario\app\public\wp-admin\includes\class-plugin-upgrader.php:137
[04-Apr-2021 17:51:08 UTC] PHP   4. Plugin_Upgrader->unpack_package() C:\Users\DELL\Local Sites\podinario\app\public\wp-admin\includes\class-wp-upgrader.php:779
[04-Apr-2021 17:51:08 UTC] PHP   5. WP_Filesystem_Direct->delete() C:\Users\DELL\Local Sites\podinario\app\public\wp-admin\includes\class-wp-upgrader.php:315
[04-Apr-2021 17:51:08 UTC] PHP   6. WP_Filesystem_Direct->delete() C:\Users\DELL\Local Sites\podinario\app\public\wp-admin\includes\class-wp-filesystem-direct.php:384
[04-Apr-2021 17:51:08 UTC] PHP   7. WP_Filesystem_Direct->delete() C:\Users\DELL\Local Sites\podinario\app\public\wp-admin\includes\class-wp-filesystem-direct.php:384
[04-Apr-2021 17:51:08 UTC] PHP   8. WP_Filesystem_Direct->delete() C:\Users\DELL\Local Sites\podinario\app\public\wp-admin\includes\class-wp-filesystem-direct.php:384
[04-Apr-2021 17:51:08 UTC] PHP   9. WP_Filesystem_Direct->delete() C:\Users\DELL\Local Sites\podinario\app\public\wp-admin\includes\class-wp-filesystem-direct.php:384
[04-Apr-2021 17:51:08 UTC] PHP  10. WP_Filesystem_Direct->delete() C:\Users\DELL\Local Sites\podinario\app\public\wp-admin\includes\class-wp-filesystem-direct.php:384
[04-Apr-2021 17:51:08 UTC] PHP  11. WP_Filesystem_Direct->delete() C:\Users\DELL\Local Sites\podinario\app\public\wp-admin\includes\class-wp-filesystem-direct.php:384
[04-Apr-2021 17:51:08 UTC] PHP  12. WP_Filesystem_Direct->delete() C:\Users\DELL\Local Sites\podinario\app\public\wp-admin\includes\class-wp-filesystem-direct.php:384
[04-Apr-2021 17:51:08 UTC] PHP  13. WP_Filesystem_Direct->delete() C:\Users\DELL\Local Sites\podinario\app\public\wp-admin\includes\class-wp-filesystem-direct.php:384
[04-Apr-2021 17:51:08 UTC] PHP  14. WP_Filesystem_Direct->delete() C:\Users\DELL\Local Sites\podinario\app\public\wp-admin\includes\class-wp-filesystem-direct.php:384
[04-Apr-2021 17:51:08 UTC] PHP  15. WP_Filesystem_Direct->dirlist() C:\Users\DELL\Local Sites\podinario\app\public\wp-admin\includes\class-wp-filesystem-direct.php:378
[04-Apr-2021 17:51:08 UTC] PHP  16. dir() C:\Users\DELL\Local Sites\podinario\app\public\wp-admin\includes\class-wp-filesystem-direct.php:613
[04-Apr-2021 17:51:08 UTC] PHP Warning:  dir(C:/Users/DELL/Local Sites/podinario/app/public/wp-content/upgrade/elementor-pro-3.2.1/elementor-pro/core/app/modules/site-editor/assets/js/context/models/): failed to open dir: No such file or directory in C:\Users\DELL\Local Sites\podinario\app\public\wp-admin\includes\class-wp-filesystem-direct.php on line 613
[04-Apr-2021 17:51:08 UTC] PHP Stack trace:
[04-Apr-2021 17:51:08 UTC] PHP   1. {main}() C:\Users\DELL\Local Sites\podinario\app\public\wp-admin\update.php:0
[04-Apr-2021 17:51:08 UTC] PHP   2. Plugin_Upgrader->install() C:\Users\DELL\Local Sites\podinario\app\public\wp-admin\update.php:171
[04-Apr-2021 17:51:08 UTC] PHP   3. Plugin_Upgrader->run() C:\Users\DELL\Local Sites\podinario\app\public\wp-admin\includes\class-plugin-upgrader.php:137
[04-Apr-2021 17:51:08 UTC] PHP   4. Plugin_Upgrader->unpack_package() C:\Users\DELL\Local Sites\podinario\app\public\wp-admin\includes\class-wp-upgrader.php:779
[04-Apr-2021 17:51:08 UTC] PHP   5. WP_Filesystem_Direct->delete() C:\Users\DELL\Local Sites\podinario\app\public\wp-admin\includes\class-wp-upgrader.php:315
[04-Apr-2021 17:51:08 UTC] PHP   6. WP_Filesystem_Direct->delete() C:\Users\DELL\Local Sites\podinario\app\public\wp-admin\includes\class-wp-filesystem-direct.php:384
[04-Apr-2021 17:51:08 UTC] PHP   7. WP_Filesystem_Direct->delete() C:\Users\DELL\Local Sites\podinario\app\public\wp-admin\includes\class-wp-filesystem-direct.php:384
[04-Apr-2021 17:51:08 UTC] PHP   8. WP_Filesystem_Direct->delete() C:\Users\DELL\Local Sites\podinario\app\public\wp-admin\includes\class-wp-filesystem-direct.php:384
[04-Apr-2021 17:51:08 UTC] PHP   9. WP_Filesystem_Direct->delete() C:\Users\DELL\Local Sites\podinario\app\public\wp-admin\includes\class-wp-filesystem-direct.php:384
[04-Apr-2021 17:51:08 UTC] PHP  10. WP_Filesystem_Direct->delete() C:\Users\DELL\Local Sites\podinario\app\public\wp-admin\includes\class-wp-filesystem-direct.php:384
[04-Apr-2021 17:51:08 UTC] PHP  11. WP_Filesystem_Direct->delete() C:\Users\DELL\Local Sites\podinario\app\public\wp-admin\includes\class-wp-filesystem-direct.php:384
[04-Apr-2021 17:51:08 UTC] PHP  12. WP_Filesystem_Direct->delete() C:\Users\DELL\Local Sites\podinario\app\public\wp-admin\includes\class-wp-filesystem-direct.php:384
[04-Apr-2021 17:51:08 UTC] PHP  13. WP_Filesystem_Direct->delete() C:\Users\DELL\Local Sites\podinario\app\public\wp-admin\includes\class-wp-filesystem-direct.php:384
[04-Apr-2021 17:51:08 UTC] PHP  14. WP_Filesystem_Direct->delete() C:\Users\DELL\Local Sites\podinario\app\public\wp-admin\includes\class-wp-filesystem-direct.php:384
[04-Apr-2021 17:51:08 UTC] PHP  15. WP_Filesystem_Direct->dirlist() C:\Users\DELL\Local Sites\podinario\app\public\wp-admin\includes\class-wp-filesystem-direct.php:378
[04-Apr-2021 17:51:08 UTC] PHP  16. dir() C:\Users\DELL\Local Sites\podinario\app\public\wp-admin\includes\class-wp-filesystem-direct.php:613
[04-Apr-2021 17:51:08 UTC] PHP Warning:  dir(C:/Users/DELL/Local Sites/podinario/app/public/wp-content/upgrade/elementor-pro-3.2.1/elementor-pro/core/editor/,C:/Users/DELL/Local Sites/podinario/app/public/wp-content/upgrade/elementor-pro-3.2.1/elementor-pro/core/editor/): The system cannot find the path specified. (code: 3) in C:\Users\DELL\Local Sites\podinario\app\public\wp-admin\includes\class-wp-filesystem-direct.php on line 613
[04-Apr-2021 17:51:08 UTC] PHP Stack trace:
[04-Apr-2021 17:51:08 UTC] PHP   1. {main}() C:\Users\DELL\Local Sites\podinario\app\public\wp-admin\update.php:0
[04-Apr-2021 17:51:08 UTC] PHP   2. Plugin_Upgrader->install() C:\Users\DELL\Local Sites\podinario\app\public\wp-admin\update.php:171
[04-Apr-2021 17:51:08 UTC] PHP   3. Plugin_Upgrader->run() C:\Users\DELL\Local Sites\podinario\app\public\wp-admin\includes\class-plugin-upgrader.php:137
[04-Apr-2021 17:51:08 UTC] PHP   4. Plugin_Upgrader->unpack_package() C:\Users\DELL\Local Sites\podinario\app\public\wp-admin\includes\class-wp-upgrader.php:779
[04-Apr-2021 17:51:08 UTC] PHP   5. WP_Filesystem_Direct->delete() C:\Users\DELL\Local Sites\podinario\app\public\wp-admin\includes\class-wp-upgrader.php:315
[04-Apr-2021 17:51:08 UTC] PHP   6. WP_Filesystem_Direct->delete() C:\Users\DELL\Local Sites\podinario\app\public\wp-admin\includes\class-wp-filesystem-direct.php:384
[04-Apr-2021 17:51:08 UTC] PHP   7. WP_Filesystem_Direct->delete() C:\Users\DELL\Local Sites\podinario\app\public\wp-admin\includes\class-wp-filesystem-direct.php:384
[04-Apr-2021 17:51:08 UTC] PHP   8. WP_Filesystem_Direct->delete() C:\Users\DELL\Local Sites\podinario\app\public\wp-admin\includes\class-wp-filesystem-direct.php:384
[04-Apr-2021 17:51:08 UTC] PHP   9. WP_Filesystem_Direct->dirlist() C:\Users\DELL\Local Sites\podinario\app\public\wp-admin\includes\class-wp-filesystem-direct.php:378
[04-Apr-2021 17:51:08 UTC] PHP  10. dir() C:\Users\DELL\Local Sites\podinario\app\public\wp-admin\includes\class-wp-filesystem-direct.php:613
[04-Apr-2021 17:51:08 UTC] PHP Warning:  dir(C:/Users/DELL/Local Sites/podinario/app/public/wp-content/upgrade/elementor-pro-3.2.1/elementor-pro/core/editor/): failed to open dir: No error in C:\Users\DELL\Local Sites\podinario\app\public\wp-admin\includes\class-wp-filesystem-direct.php on line 613
[04-Apr-2021 17:51:08 UTC] PHP Stack trace:
[04-Apr-2021 17:51:08 UTC] PHP   1. {main}() C:\Users\DELL\Local Sites\podinario\app\public\wp-admin\update.php:0
[04-Apr-2021 17:51:08 UTC] PHP   2. Plugin_Upgrader->install() C:\Users\DELL\Local Sites\podinario\app\public\wp-admin\update.php:171
[04-Apr-2021 17:51:08 UTC] PHP   3. Plugin_Upgrader->run() C:\Users\DELL\Local Sites\podinario\app\public\wp-admin\includes\class-plugin-upgrader.php:137
[04-Apr-2021 17:51:08 UTC] PHP   4. Plugin_Upgrader->unpack_package() C:\Users\DELL\Local Sites\podinario\app\public\wp-admin\includes\class-wp-upgrader.php:779
[04-Apr-2021 17:51:08 UTC] PHP   5. WP_Filesystem_Direct->delete() C:\Users\DELL\Local Sites\podinario\app\public\wp-admin\includes\class-wp-upgrader.php:315
[04-Apr-2021 17:51:08 UTC] PHP   6. WP_Filesystem_Direct->delete() C:\Users\DELL\Local Sites\podinario\app\public\wp-admin\includes\class-wp-filesystem-direct.php:384
[04-Apr-2021 17:51:08 UTC] PHP   7. WP_Filesystem_Direct->delete() C:\Users\DELL\Local Sites\podinario\app\public\wp-admin\includes\class-wp-filesystem-direct.php:384
[04-Apr-2021 17:51:08 UTC] PHP   8. WP_Filesystem_Direct->delete() C:\Users\DELL\Local Sites\podinario\app\public\wp-admin\includes\class-wp-filesystem-direct.php:384
[04-Apr-2021 17:51:08 UTC] PHP   9. WP_Filesystem_Direct->dirlist() C:\Users\DELL\Local Sites\podinario\app\public\wp-admin\includes\class-wp-filesystem-direct.php:378
[04-Apr-2021 17:51:08 UTC] PHP  10. dir() C:\Users\DELL\Local Sites\podinario\app\public\wp-admin\includes\class-wp-filesystem-direct.php:613
[04-Apr-2021 17:51:09 UTC] PHP Warning:  dir(C:/Users/DELL/Local Sites/podinario/app/public/wp-content/upgrade/elementor-pro-3.2.1/elementor-pro/modules/library/assets/,C:/Users/DELL/Local Sites/podinario/app/public/wp-content/upgrade/elementor-pro-3.2.1/elementor-pro/modules/library/assets/): The system cannot find the path specified. (code: 3) in C:\Users\DELL\Local Sites\podinario\app\public\wp-admin\includes\class-wp-filesystem-direct.php on line 613
[04-Apr-2021 17:51:09 UTC] PHP Stack trace:
[04-Apr-2021 17:51:09 UTC] PHP   1. {main}() C:\Users\DELL\Local Sites\podinario\app\public\wp-admin\update.php:0
[04-Apr-2021 17:51:09 UTC] PHP   2. Plugin_Upgrader->install() C:\Users\DELL\Local Sites\podinario\app\public\wp-admin\update.php:171
[04-Apr-2021 17:51:09 UTC] PHP   3. Plugin_Upgrader->run() C:\Users\DELL\Local Sites\podinario\app\public\wp-admin\includes\class-plugin-upgrader.php:137
[04-Apr-2021 17:51:09 UTC] PHP   4. Plugin_Upgrader->unpack_package() C:\Users\DELL\Local Sites\podinario\app\public\wp-admin\includes\class-wp-upgrader.php:779
[04-Apr-2021 17:51:09 UTC] PHP   5. WP_Filesystem_Direct->delete() C:\Users\DELL\Local Sites\podinario\app\public\wp-admin\includes\class-wp-upgrader.php:315
[04-Apr-2021 17:51:09 UTC] PHP   6. WP_Filesystem_Direct->delete() C:\Users\DELL\Local Sites\podinario\app\public\wp-admin\includes\class-wp-filesystem-direct.php:384
[04-Apr-2021 17:51:09 UTC] PHP   7. WP_Filesystem_Direct->delete() C:\Users\DELL\Local Sites\podinario\app\public\wp-admin\includes\class-wp-filesystem-direct.php:384
[04-Apr-2021 17:51:09 UTC] PHP   8. WP_Filesystem_Direct->delete() C:\Users\DELL\Local Sites\podinario\app\public\wp-admin\includes\class-wp-filesystem-direct.php:384
[04-Apr-2021 17:51:09 UTC] PHP   9. WP_Filesystem_Direct->delete() C:\Users\DELL\Local Sites\podinario\app\public\wp-admin\includes\class-wp-filesystem-direct.php:384
[04-Apr-2021 17:51:09 UTC] PHP  10. WP_Filesystem_Direct->dirlist() C:\Users\DELL\Local Sites\podinario\app\public\wp-admin\includes\class-wp-filesystem-direct.php:378
[04-Apr-2021 17:51:09 UTC] PHP  11. dir() C:\Users\DELL\Local Sites\podinario\app\public\wp-admin\includes\class-wp-filesystem-direct.php:613
[04-Apr-2021 17:51:09 UTC] PHP Warning:  dir(C:/Users/DELL/Local Sites/podinario/app/public/wp-content/upgrade/elementor-pro-3.2.1/elementor-pro/modules/library/assets/): failed to open dir: No error in C:\Users\DELL\Local Sites\podinario\app\public\wp-admin\includes\class-wp-filesystem-direct.php on line 613
[04-Apr-2021 17:51:09 UTC] PHP Stack trace:
[04-Apr-2021 17:51:09 UTC] PHP   1. {main}() C:\Users\DELL\Local Sites\podinario\app\public\wp-admin\update.php:0
[04-Apr-2021 17:51:09 UTC] PHP   2. Plugin_Upgrader->install() C:\Users\DELL\Local Sites\podinario\app\public\wp-admin\update.php:171
[04-Apr-2021 17:51:09 UTC] PHP   3. Plugin_Upgrader->run() C:\Users\DELL\Local Sites\podinario\app\public\wp-admin\includes\class-plugin-upgrader.php:137
[04-Apr-2021 17:51:09 UTC] PHP   4. Plugin_Upgrader->unpack_package() C:\Users\DELL\Local Sites\podinario\app\public\wp-admin\includes\class-wp-upgrader.php:779
[04-Apr-2021 17:51:09 UTC] PHP   5. WP_Filesystem_Direct->delete() C:\Users\DELL\Local Sites\podinario\app\public\wp-admin\includes\class-wp-upgrader.php:315
[04-Apr-2021 17:51:09 UTC] PHP   6. WP_Filesystem_Direct->delete() C:\Users\DELL\Local Sites\podinario\app\public\wp-admin\includes\class-wp-filesystem-direct.php:384
[04-Apr-2021 17:51:09 UTC] PHP   7. WP_Filesystem_Direct->delete() C:\Users\DELL\Local Sites\podinario\app\public\wp-admin\includes\class-wp-filesystem-direct.php:384
[04-Apr-2021 17:51:09 UTC] PHP   8. WP_Filesystem_Direct->delete() C:\Users\DELL\Local Sites\podinario\app\public\wp-admin\includes\class-wp-filesystem-direct.php:384
[04-Apr-2021 17:51:09 UTC] PHP   9. WP_Filesystem_Direct->delete() C:\Users\DELL\Local Sites\podinario\app\public\wp-admin\includes\class-wp-filesystem-direct.php:384
[04-Apr-2021 17:51:09 UTC] PHP  10. WP_Filesystem_Direct->dirlist() C:\Users\DELL\Local Sites\podinario\app\public\wp-admin\includes\class-wp-filesystem-direct.php:378
[04-Apr-2021 17:51:09 UTC] PHP  11. dir() C:\Users\DELL\Local Sites\podinario\app\public\wp-admin\includes\class-wp-filesystem-direct.php:613
[20-May-2021 16:32:09 UTC] PHP Warning:  Invalid argument supplied for foreach() in C:\Users\DELL\Local Sites\podinario\app\public\wp-admin\includes\theme.php on line 586
[20-May-2021 16:32:09 UTC] PHP Stack trace:
[20-May-2021 16:32:09 UTC] PHP   1. {main}() C:\Users\DELL\Local Sites\podinario\app\public\wp-admin\admin-ajax.php:0
[20-May-2021 16:32:09 UTC] PHP   2. do_action() C:\Users\DELL\Local Sites\podinario\app\public\wp-admin\admin-ajax.php:187
[20-May-2021 16:32:09 UTC] PHP   3. WP_Hook->do_action() C:\Users\DELL\Local Sites\podinario\app\public\wp-includes\plugin.php:484
[20-May-2021 16:32:09 UTC] PHP   4. WP_Hook->apply_filters() C:\Users\DELL\Local Sites\podinario\app\public\wp-includes\class-wp-hook.php:316
[20-May-2021 16:32:09 UTC] PHP   5. WP_Customize_Manager->handle_load_themes_request() C:\Users\DELL\Local Sites\podinario\app\public\wp-includes\class-wp-hook.php:292
[20-May-2021 16:32:09 UTC] PHP   6. themes_api() C:\Users\DELL\Local Sites\podinario\app\public\wp-includes\class-wp-customize-manager.php:5836
[06-Jun-2021 18:52:01 UTC] Sync process for Gutenberg Blocks has started.
[06-Jun-2021 18:52:01 UTC] CATEGORY:Importing categories..
[06-Jun-2021 18:52:02 UTC] CATEGORY:Storing in option ast-block-templates-categories
[06-Jun-2021 18:52:02 UTC] CATEGORY:Completed category import.
[06-Jun-2021 18:52:02 UTC] BLOCK: Getting Total Blocks
[06-Jun-2021 18:52:02 UTC] BLOCK: https://websitedemos.net/wp-json/astra-blocks/v1/get-blocks-count/?page_builder=gutenberg
[06-Jun-2021 18:52:03 UTC] BLOCK: Requests count 2
[06-Jun-2021 18:52:03 UTC] BLOCK: Importing request 1 ..
[06-Jun-2021 18:52:03 UTC] BLOCK: https://websitedemos.net/wp-json/astra-blocks/v1/blocks/?page_builder=gutenberg&per_page=100&page=1
[06-Jun-2021 18:52:04 UTC] BLOCK: Storing in option ast-block-templates-blocks-1
[06-Jun-2021 18:52:04 UTC] BLOCK: Completed request 1
[06-Jun-2021 18:52:04 UTC] BLOCK: Importing request 2 ..
[06-Jun-2021 18:52:04 UTC] BLOCK: https://websitedemos.net/wp-json/astra-blocks/v1/blocks/?page_builder=gutenberg&per_page=100&page=2
[06-Jun-2021 18:52:05 UTC] BLOCK: Storing in option ast-block-templates-blocks-2
[06-Jun-2021 18:52:05 UTC] BLOCK: Completed request 2
[06-Jun-2021 18:52:05 UTC] SITE: Getting Total Sites
[06-Jun-2021 18:52:05 UTC] SITE: https://websitedemos.net/wp-json/astra-sites/v1/get-total-pages/?page_builder=gutenberg
[06-Jun-2021 18:52:05 UTC] SITE: Request count 1
[06-Jun-2021 18:52:05 UTC] SITE: Importing request 1 ..
[06-Jun-2021 18:52:05 UTC] SITE: https://websitedemos.net/wp-json/astra-sites/v1/sites-and-pages/?per_page=100&page=1&page-builder=gutenberg
[06-Jun-2021 18:52:08 UTC] SITE: Storing in option ast-block-templates-sites-1
[06-Jun-2021 18:52:08 UTC] SITE: Completed request 1
[06-Jun-2021 18:52:08 UTC] Sync process for Gutenberg Blocks is done.
[08-Jun-2021 18:09:46 UTC] Sync process for Gutenberg Blocks has started.
[08-Jun-2021 18:09:46 UTC] CATEGORY:Importing categories..
[08-Jun-2021 18:09:47 UTC] CATEGORY:Storing in option ast-block-templates-categories
[08-Jun-2021 18:09:47 UTC] CATEGORY:Completed category import.
[08-Jun-2021 18:09:47 UTC] BLOCK: Getting Total Blocks
[08-Jun-2021 18:09:47 UTC] BLOCK: https://websitedemos.net/wp-json/astra-blocks/v1/get-blocks-count/?page_builder=gutenberg
[08-Jun-2021 18:09:48 UTC] BLOCK: Requests count 2
[08-Jun-2021 18:09:48 UTC] BLOCK: Importing request 1 ..
[08-Jun-2021 18:09:48 UTC] BLOCK: https://websitedemos.net/wp-json/astra-blocks/v1/blocks/?page_builder=gutenberg&per_page=100&page=1
[08-Jun-2021 18:09:48 UTC] BLOCK: Storing in option ast-block-templates-blocks-1
[08-Jun-2021 18:09:48 UTC] BLOCK: Completed request 1
[08-Jun-2021 18:09:48 UTC] BLOCK: Importing request 2 ..
[08-Jun-2021 18:09:48 UTC] BLOCK: https://websitedemos.net/wp-json/astra-blocks/v1/blocks/?page_builder=gutenberg&per_page=100&page=2
[08-Jun-2021 18:09:48 UTC] BLOCK: Storing in option ast-block-templates-blocks-2
[08-Jun-2021 18:09:48 UTC] BLOCK: Completed request 2
[08-Jun-2021 18:09:48 UTC] SITE: Getting Total Sites
[08-Jun-2021 18:09:48 UTC] SITE: https://websitedemos.net/wp-json/astra-sites/v1/get-total-pages/?page_builder=gutenberg
[08-Jun-2021 18:09:49 UTC] SITE: Request count 1
[08-Jun-2021 18:09:49 UTC] SITE: Importing request 1 ..
[08-Jun-2021 18:09:49 UTC] SITE: https://websitedemos.net/wp-json/astra-sites/v1/sites-and-pages/?per_page=100&page=1&page-builder=gutenberg
[08-Jun-2021 18:09:51 UTC] SITE: Storing in option ast-block-templates-sites-1
[08-Jun-2021 18:09:51 UTC] SITE: Completed request 1
[08-Jun-2021 18:09:51 UTC] Sync process for Gutenberg Blocks is done.
[23-Jun-2021 17:32:03 UTC] Sync process for Gutenberg Blocks has started.
[23-Jun-2021 17:32:03 UTC] CATEGORY:Importing categories..
[23-Jun-2021 17:32:04 UTC] CATEGORY:Storing in option ast-block-templates-categories
[23-Jun-2021 17:32:04 UTC] CATEGORY:Completed category import.
[23-Jun-2021 17:32:04 UTC] BLOCK: Getting Total Blocks
[23-Jun-2021 17:32:04 UTC] BLOCK: https://websitedemos.net/wp-json/astra-blocks/v1/get-blocks-count/?page_builder=gutenberg
[23-Jun-2021 17:32:04 UTC] BLOCK: Requests count 2
[23-Jun-2021 17:32:04 UTC] BLOCK: Importing request 1 ..
[23-Jun-2021 17:32:04 UTC] BLOCK: https://websitedemos.net/wp-json/astra-blocks/v1/blocks/?page_builder=gutenberg&per_page=100&page=1
[23-Jun-2021 17:32:04 UTC] BLOCK: Storing in option ast-block-templates-blocks-1
[23-Jun-2021 17:32:04 UTC] BLOCK: Completed request 1
[23-Jun-2021 17:32:04 UTC] BLOCK: Importing request 2 ..
[23-Jun-2021 17:32:04 UTC] BLOCK: https://websitedemos.net/wp-json/astra-blocks/v1/blocks/?page_builder=gutenberg&per_page=100&page=2
[23-Jun-2021 17:32:05 UTC] BLOCK: Storing in option ast-block-templates-blocks-2
[23-Jun-2021 17:32:05 UTC] BLOCK: Completed request 2
[23-Jun-2021 17:32:05 UTC] SITE: Getting Total Sites
[23-Jun-2021 17:32:05 UTC] SITE: https://websitedemos.net/wp-json/astra-sites/v1/get-total-pages/?page_builder=gutenberg
[23-Jun-2021 17:32:05 UTC] SITE: Request count 1
[23-Jun-2021 17:32:05 UTC] SITE: Importing request 1 ..
[23-Jun-2021 17:32:05 UTC] SITE: https://websitedemos.net/wp-json/astra-sites/v1/sites-and-pages/?per_page=100&page=1&page-builder=gutenberg
[23-Jun-2021 17:32:05 UTC] SITE: Storing in option ast-block-templates-sites-1
[23-Jun-2021 17:32:05 UTC] SITE: Completed request 1
[23-Jun-2021 17:32:05 UTC] Sync process for Gutenberg Blocks is done.
